<?xml version="1.0" encoding="UTF-8"?>
<testng-results skipped="0" failed="0" ignored="0" total="1" passed="1">
  <reporter-output>
  </reporter-output>
  <suite name="Default suite" duration-ms="26635" started-at="2018-08-17T13:35:20Z" finished-at="2018-08-17T13:35:46Z">
    <groups>
    </groups>
    <test name="Default test" duration-ms="26635" started-at="2018-08-17T13:35:20Z" finished-at="2018-08-17T13:35:46Z">
      <class name="student.Maven.TestScript">
        <test-method status="PASS" signature="setUp()[pri:0, instance:student.Maven.TestScript@5c3bd550]" name="setUp" is-config="true" duration-ms="21148" started-at="2018-08-17T13:35:20Z" finished-at="2018-08-17T13:35:41Z">
          <reporter-output>
          </reporter-output>
        </test-method> <!-- setUp -->
        <test-method status="PASS" signature="checkGoogle()[pri:0, instance:student.Maven.TestScript@5c3bd550]" name="checkGoogle" duration-ms="2719" started-at="2018-08-17T13:35:41Z" finished-at="2018-08-17T13:35:44Z">
          <reporter-output>
          </reporter-output>
        </test-method> <!-- checkGoogle -->
        <test-method status="PASS" signature="tearDown()[pri:0, instance:student.Maven.TestScript@5c3bd550]" name="tearDown" is-config="true" duration-ms="2670" started-at="2018-08-17T13:35:44Z" finished-at="2018-08-17T13:35:46Z">
          <reporter-output>
          </reporter-output>
        </test-method> <!-- tearDown -->
      </class> <!-- student.Maven.TestScript -->
    </test> <!-- Default test -->
  </suite> <!-- Default suite -->
</testng-results>
